2230
538
1652
1644
1569
1565
1527
1473
1443
1443
1434
1422
1319
1303
1244
1212
1164
1126
1099
1095
1083
1067
1026
995
967
958
930
897
859
840
815
807
790
759
734
720
691
680
680
602
597
590
565
534
519
513
512
489
483
477
464
435
411
407
400
376
372
372
358
341
305
305
300
294
292
268
250
242
241
238
238
234
232
222
199
189
188
181
169
166
161
150
146
144
138
137
124
122
121
119
116
115
115
108
103
102
98
91
91
88
87
83
