7419
1792
2601
2457
2268
2161
2073
1994
1965
1762
1751
1698
1627
1611
1460
1385
1352
1284
1244
1155
1135
1103
1076
1056
1036
1029
990
980
958
858
735
719
708
670
598
562
500
427
405
380
369
345
337
302
298
259
259
253
249
239
222
210
205
203
188
183
175
171
163
161
157
154
143
142
141
141
131
129
127
124
122
122
120
117
115
109
108
106
104
103
103
103
103
102
100
100
99
97
96
96
95
93
88
85
85
84
84
83
82
82
82
82
