4135
1063
554
553
475
461
387
379
375
368
362
352
352
341
338
329
329
323
321
310
309
309
302
295
293
293
288
284
283
277
277
275
273
269
263
263
263
251
251
250
246
245
243
242
242
241
240
240
239
238
235
235
232
231
230
230
229
223
222
220
220
218
216
211
211
210
209
208
206
204
203
203
199
199
198
198
197
196
194
193
188
188
187
186
184
183
181
178
177
177
175
174
174
174
171
170
170
170
169
169
165
164
