2 2 4 4 6 7 8 10 11 12 14 15 17 17 19 19 20 22 24 26
26 28 30 32 33 35 36 37 38 39 39 41 41 43 45 45 46 48 50 50
51 52 54 54 56 57 57 58 58 59 59 60 62 62 63 63 63 65 67 68
69 71 72 75 77 78 80 81 82 83 85 87 88 89 90 91 93 94 96 96
98 98 100 101 103 103 103 104 104 106 107 109 111 111 112 113 114 115 115 116
116 118 118 119 119 121 121 121 122 122 123 124 125 125 126 126 127 128 130 132
132 132 133 133 134 134 136 136 137 139 140 141 143 145 146 146 147 148 149 151
153 153 155 155 155 155 156 159 160 161 162 164 166 166 168 168 169 170 170 170
171 171 173 174 174 175 177 178 179 179 181 183 183 184 185 187 189 189 191 191
192 194 194 195 197 199 200 201 202 205 207 207 209 210 211 213 213 213 214 214
214 215 216 218 218 220 222 224 226 227 228 228 228 228 229 230 230 230 230 231
233 235 236 236 238 238 240 242 242 243 244 247 247 249 250 250 251 251 253 254
255 257 259 259 259 260 261 261 262 264 264 265 267 268 269 270 272 274 275 275
275 277 279 280 282 282 284 284 285 287 288 289 291 292 293 293 294 294 295 295
295 296 297 298 299 300 300 301 301 303 304 305 307 309 310 311 311 311 313 315
317 318 318 320 322 324 324 325 325 327 328 328 329 329 331 332 334 334 335 335
335 336 338 340 340 342 343 344 346 346 346 348 350 351 351 352 353 353 355 356
356 357 359 361 361 363 365 367 367 369 369 370 371 371 372 374 374 375 375 376
377 378 378 379 381 382 382 383 385 386 386 386 386 386 388 388 388 388 390 390
390 392 394 395 397 399 400 402 404 405 405 406 406 408 408 409 410 411 413 415